<?xml version="1.0" encoding="UTF-8"?>
<testsuite xmlns:xsi="http://www.w3.org/2001/XMLSchema-instance" xsi:noNamespaceSchemaLocation="https://maven.apache.org/surefire/maven-surefire-plugin/xsd/surefire-test-report-3.0.xsd" version="3.0" name="tech.getarrays.employeemanager.EmployeemanagerApplicationTests" time="8.234" tests="1" errors="0" skipped="0" failures="0">
  <properties>
[...]
</properties>
  <testcase name="contextLoads" classname="tech.getarrays.employeemanager.EmployeemanagerApplicationTests" time="0.11">
    <system-out><![CDATA[13:08:29.581 [main] DEBUG org.springframework.test.context.BootstrapUtils - Instantiating CacheAwareContextLoaderDelegate from class [org.springframework.test.context.cache.DefaultCacheAwareContextLoaderDelegate]
13:08:29.594 [main] DEBUG org.springframework.test.context.BootstrapUtils - Instantiating BootstrapContext using constructor [public org.springframework.test.context.support.DefaultBootstrapContext(java.lang.Class,org.springframework.test.context.CacheAwareContextLoaderDelegate)]
13:08:29.631 [main] DEBUG org.springframework.test.context.BootstrapUtils - Instantiating TestContextBootstrapper for test class [tech.getarrays.employeemanager.EmployeemanagerApplicationTests] from class [org.springframework.boot.test.context.SpringBootTestContextBootstrapper]
13:08:29.650 [main] INFO org.springframework.boot.test.context.SpringBootTestContextBootstrapper - Neither @ContextConfiguration nor @ContextHierarchy found for test class [tech.getarrays.employeemanager.EmployeemanagerApplicationTests], using SpringBootContextLoader
13:08:29.656 [main] DEBUG org.springframework.test.context.support.AbstractContextLoader - Did not detect default resource location for test class [tech.getarrays.employeemanager.EmployeemanagerApplicationTests]: class path resource [tech/getarrays/employeemanager/EmployeemanagerApplicationTests-context.xml] does not exist
13:08:29.656 [main] DEBUG org.springframework.test.context.support.AbstractContextLoader - Did not detect default resource location for test class [tech.getarrays.employeemanager.EmployeemanagerApplicationTests]: class path resource [tech/getarrays/employeemanager/EmployeemanagerApplicationTestsContext.groovy] does not exist
13:08:29.657 [main] INFO org.springframework.test.context.support.AbstractContextLoader - Could not detect default resource locations for test class [tech.getarrays.employeemanager.EmployeemanagerApplicationTests]: no resource found for suffixes {-context.xml, Context.groovy}.
13:08:29.657 [main] INFO org.springframework.test.context.support.AnnotationConfigContextLoaderUtils - Could not detect default configuration classes for test class [tech.getarrays.employeemanager.EmployeemanagerApplicationTests]: EmployeemanagerApplicationTests does not declare any static, non-private, non-final, nested classes annotated with @Configuration.
13:08:29.713 [main] DEBUG org.springframework.test.context.support.ActiveProfilesUtils - Could not find an 'annotation declaring class' for annotation type [org.springframework.test.context.ActiveProfiles] and class [tech.getarrays.employeemanager.EmployeemanagerApplicationTests]
13:08:29.791 [main] DEBUG org.springframework.context.annotation.ClassPathScanningCandidateComponentProvider - Identified candidate component class: file [/media/farah/56E29D7EE29D6353/Devops/Employee/employeemanagerback/target/classes/tech/getarrays/employeemanager/EmployeemanagerApplication.class]
13:08:29.793 [main] INFO org.springframework.boot.test.context.SpringBootTestContextBootstrapper - Found @SpringBootConfiguration tech.getarrays.employeemanager.EmployeemanagerApplication for test class tech.getarrays.employeemanager.EmployeemanagerApplicationTests
13:08:29.924 [main] DEBUG org.springframework.boot.test.context.SpringBootTestContextBootstrapper - @TestExecutionListeners is not present for class [tech.getarrays.employeemanager.EmployeemanagerApplicationTests]: using defaults.
13:08:29.924 [main] INFO org.springframework.boot.test.context.SpringBootTestContextBootstrapper - Loaded default TestExecutionListener class names from location [META-INF/spring.factories]: [org.springframework.boot.test.mock.mockito.MockitoTestExecutionListener, org.springframework.boot.test.mock.mockito.ResetMocksTestExecutionListener, org.springframework.boot.test.autoconfigure.restdocs.RestDocsTestExecutionListener, org.springframework.boot.test.autoconfigure.web.client.MockRestServiceServerResetTestExecutionListener, org.springframework.boot.test.autoconfigure.web.servlet.MockMvcPrintOnlyOnFailureTestExecutionListener, org.springframework.boot.test.autoconfigure.web.servlet.WebDriverTestExecutionListener, org.springframework.boot.test.autoconfigure.webservices.client.MockWebServiceServerTestExecutionListener, org.springframework.test.context.web.ServletTestExecutionListener, org.springframework.test.context.support.DirtiesContextBeforeModesTestExecutionListener, org.springframework.test.context.event.ApplicationEventsTestExecutionListener, org.springframework.test.context.support.DependencyInjectionTestExecutionListener, org.springframework.test.context.support.DirtiesContextTestExecutionListener, org.springframework.test.context.transaction.TransactionalTestExecutionListener, org.springframework.test.context.jdbc.SqlScriptsTestExecutionListener, org.springframework.test.context.event.EventPublishingTestExecutionListener]
13:08:29.946 [main] INFO org.springframework.boot.test.context.SpringBootTestContextBootstrapper - Using TestExecutionListeners: [org.springframework.test.context.web.ServletTestExecutionListener@f58853c, org.springframework.test.context.support.DirtiesContextBeforeModesTestExecutionListener@1224144a, org.springframework.test.context.event.ApplicationEventsTestExecutionListener@29f7cefd, org.springframework.boot.test.mock.mockito.MockitoTestExecutionListener@700fb871, org.springframework.boot.test.autoconfigure.SpringBootDependencyInjectionTestExecutionListener@3b35a229, org.springframework.test.context.support.DirtiesContextTestExecutionListener@9816741, org.springframework.test.context.transaction.TransactionalTestExecutionListener@1e16c0aa, org.springframework.test.context.jdbc.SqlScriptsTestExecutionListener@13d73f29, org.springframework.test.context.event.EventPublishingTestExecutionListener@565f390, org.springframework.boot.test.mock.mockito.ResetMocksTestExecutionListener@7dc3712, org.springframework.boot.test.autoconfigure.restdocs.RestDocsTestExecutionListener@2f67a4d3, org.springframework.boot.test.autoconfigure.web.client.MockRestServiceServerResetTestExecutionListener@5e3f861, org.springframework.boot.test.autoconfigure.web.servlet.MockMvcPrintOnlyOnFailureTestExecutionListener@2fb0623e, org.springframework.boot.test.autoconfigure.web.servlet.WebDriverTestExecutionListener@49b2a47d, org.springframework.boot.test.autoconfigure.webservices.client.MockWebServiceServerTestExecutionListener@5be1d0a4]
13:08:29.951 [main] DEBUG org.springframework.test.context.support.AbstractDirtiesContextTestExecutionListener - Before test class: context [DefaultTestContext@3b6d844d testClass = EmployeemanagerApplicationTests, testInstance = [null], testMethod = [null], testException = [null], mergedContextConfiguration = [WebMergedContextConfiguration@36804139 testClass = EmployeemanagerApplicationTests, locations = '{}', classes = '{class tech.getarrays.employeemanager.EmployeemanagerApplication}', contextInitializerClasses = '[]', activeProfiles = '{}', propertySourceLocations = '{}', propertySourceProperties = '{org.springframework.boot.test.context.SpringBootTestContextBootstrapper=true}', contextCustomizers = set[org.springframework.boot.test.context.filter.ExcludeFilterContextCustomizer@2f4948e4, org.springframework.boot.test.json.DuplicateJsonObjectContextCustomizerFactory$DuplicateJsonObjectContextCustomizer@3fc2959f, org.springframework.boot.test.mock.mockito.MockitoContextCustomizer@0, org.springframework.boot.test.web.client.TestRestTemplateContextCustomizer@1a677343, org.springframework.boot.test.autoconfigure.actuate.metrics.MetricsExportContextCustomizerFactory$DisableMetricExportContextCustomizer@3bf7ca37, org.springframework.boot.test.autoconfigure.properties.PropertyMappingContextCustomizer@0, org.springframework.boot.test.autoconfigure.web.servlet.WebDriverContextCustomizerFactory$Customizer@1ff4931d, org.springframework.boot.test.context.SpringBootTestArgs@1, org.springframework.boot.test.context.SpringBootTestWebEnvironment@4f970963], resourceBasePath = 'src/main/webapp', contextLoader = 'org.springframework.boot.test.context.SpringBootContextLoader', parent = [null]], attributes = map['org.springframework.test.context.web.ServletTestExecutionListener.activateListener' -> true]], class annotated with @DirtiesContext [false] with mode [null].

  .   ____          _            __ _ _
 /\\ / ___'_ __ _ _(_)_ __  __ _ \ \ \ \
( ( )\___ | '_ | '_| | '_ \/ _` | \ \ \ \
 \\/  ___)| |_)| | | | | || (_| |  ) ) ) )
  '  |____| .__|_| |_|_| |_\__, | / / / /
 =========|_|==============|___/=/_/_/_/
 :: Spring Boot ::                (v2.6.4)

2022-06-29 13:08:30.367  INFO 42095 --- [           main] t.g.e.EmployeemanagerApplicationTests    : Starting EmployeemanagerApplicationTests using Java 1.8.0_312 on farah-hachicha with PID 42095 (started by farah in /media/farah/56E29D7EE29D6353/Devops/Employee/employeemanagerback)
2022-06-29 13:08:30.369  INFO 42095 --- [           main] t.g.e.EmployeemanagerApplicationTests    : No active profile set, falling back to 1 default profile: "default"
2022-06-29 13:08:31.523  INFO 42095 --- [           main] .s.d.r.c.RepositoryConfigurationDelegate : Bootstrapping Spring Data JPA repositories in DEFAULT mode.
2022-06-29 13:08:31.613  INFO 42095 --- [           main] .s.d.r.c.RepositoryConfigurationDelegate : Finished Spring Data repository scanning in 74 ms. Found 1 JPA repository interfaces.
2022-06-29 13:08:32.479  INFO 42095 --- [           main] o.hibernate.jpa.internal.util.LogHelper  : HHH000204: Processing PersistenceUnitInfo [name: default]
2022-06-29 13:08:32.557  INFO 42095 --- [           main] org.hibernate.Version                    : HHH000412: Hibernate ORM core version 5.6.5.Final
2022-06-29 13:08:32.855  INFO 42095 --- [           main] o.hibernate.annotations.common.Version   : HCANN000001: Hibernate Commons Annotations {5.1.2.Final}
2022-06-29 13:08:33.029  INFO 42095 --- [           main] com.zaxxer.hikari.HikariDataSource       : HikariPool-1 - Starting...
2022-06-29 13:08:33.578  INFO 42095 --- [           main] com.zaxxer.hikari.HikariDataSource       : HikariPool-1 - Start completed.
2022-06-29 13:08:33.600  INFO 42095 --- [           main] org.hibernate.dialect.Dialect            : HHH000400: Using dialect: org.hibernate.dialect.MySQL5Dialect
2022-06-29 13:08:34.520  INFO 42095 --- [           main] o.h.e.t.j.p.i.JtaPlatformInitiator       : HHH000490: Using JtaPlatform implementation: [org.hibernate.engine.transaction.jta.platform.internal.NoJtaPlatform]
2022-06-29 13:08:34.535  INFO 42095 --- [           main] j.LocalContainerEntityManagerFactoryBean : Initialized JPA EntityManagerFactory for persistence unit 'default'
2022-06-29 13:08:36.592  WARN 42095 --- [           main] JpaBaseConfiguration$JpaWebConfiguration : spring.jpa.open-in-view is enabled by default. Therefore, database queries may be performed during view rendering. Explicitly configure spring.jpa.open-in-view to disable this warning
2022-06-29 13:08:37.573  INFO 42095 --- [           main] t.g.e.EmployeemanagerApplicationTests    : Started EmployeemanagerApplicationTests in 7.555 seconds (JVM running for 9.199)
]]></system-out>
  </testcase>
</testsuite>